  main.cpp
  ofApp.cpp
  Board.cpp
  ComputerPlayer.cpp
  Field.cpp
  Game.cpp
  GameView.cpp
  HumanPlayer.cpp
  MinMaxPlayer.cpp
  Player.cpp
  Position.cpp
  RandomPlayer.cpp
     Creating library bin\M6 tic tac toe_debug.lib and object bin\M6 tic tac toe_debug.exp
  M6 tic tac toe.vcxproj -> C:\Users\Marloes\Documents\of_v0.9.8_vs_release\apps\myApps\M6-tic-tac-toe\bin\M6 tic tac toe_debug.exe
  M6 tic tac toe.vcxproj -> bin\M6 tic tac toe_debug.pdb (Full PDB)
  
  	                   9	C:\Users\Marloes\Documents\of_v0.9.8_vs_release\export\vs\Win32\
  	    New File  		 2939392	C:\Users\Marloes\Documents\of_v0.9.8_vs_release\export\vs\Win32\assimp.dll
  	    New File  		 1266176	C:\Users\Marloes\Documents\of_v0.9.8_vs_release\export\vs\Win32\fmodex.dll
  	    New File  		 1312768	C:\Users\Marloes\Documents\of_v0.9.8_vs_release\export\vs\Win32\fmodexL.dll
  	    New File  		 5647872	C:\Users\Marloes\Documents\of_v0.9.8_vs_release\export\vs\Win32\FreeImage.dll
  	    New File  		  580608	C:\Users\Marloes\Documents\of_v0.9.8_vs_release\export\vs\Win32\freetype.dll
  	    New File  		  237568	C:\Users\Marloes\Documents\of_v0.9.8_vs_release\export\vs\Win32\glut32.dll
  	    New File  		 1178624	C:\Users\Marloes\Documents\of_v0.9.8_vs_release\export\vs\Win32\libeay32.dll
  	    New File  		  269824	C:\Users\Marloes\Documents\of_v0.9.8_vs_release\export\vs\Win32\ssleay32.dll
  	    New File  		   69632	C:\Users\Marloes\Documents\of_v0.9.8_vs_release\export\vs\Win32\Zlib.dll
